<?xml version="1.0" encoding="UTF-8"?>
<!-- Generated by org.testng.reporters.JUnitReportReporter -->
<testsuite hostname="DESKTOP-U594KVC" failures="0" tests="1" name="org.bno.WebApp.Loginpage" time="17.917" errors="0" timestamp="2022-02-25T13:10:22 IST" skipped="0">
  <testcase classname="org.bno.WebApp.Loginpage" name="loginFormCheck" time="17.917"/>
  <system-out/>
</testsuite> <!-- org.bno.WebApp.Loginpage -->
