<?xml version="1.0" encoding="UTF-8"?>
<!-- Generated by org.testng.reporters.JUnitReportReporter -->
<testsuite hostname="DESKTOP-U594KVC" failures="0" tests="2" name="org.bno.WebApp.Homepage" time="33.447" errors="0" timestamp="2022-02-25T13:10:22 IST" skipped="0">
  <testcase classname="org.bno.WebApp.Homepage" name="countrySelectorCheck" time="18.068"/>
  <system-out/>
  <testcase classname="org.bno.WebApp.Homepage" name="geth1title" time="15.379"/>
  <system-out/>
</testsuite> <!-- org.bno.WebApp.Homepage -->
